ERROR 1000: Error during parsing. Encountered " <IDENTIFIER> "INSPECT "" at line 5, column 1.
Was expecting one of:
    <EOF> 
    "cat" ...
    "cd" ...
    "cp" ...
    "copyFromLocal" ...
    "copyToLocal" ...
    "dump" ...
    "describe" ...
    "aliases" ...
    "explain" ...
    "help" ...
    "kill" ...
    "ls" ...
    "mv" ...
    "mkdir" ...
    "pwd" ...
    "quit" ...
    "register" ...
    "rm" ...
    "rmf" ...
    "set" ...
    "illustrate" ...
    "run" ...
    "exec" ...
    "scriptDone" ...
    "" ...
    <EOL> ...
    ";" ...
    
org.apache.pig.tools.pigscript.parser.ParseException: Encountered " <IDENTIFIER> "INSPECT "" at line 5, column 1.
Was expecting one of:
    <EOF> 
    "cat" ...
    "cd" ...
    "cp" ...
    "copyFromLocal" ...
    "copyToLocal" ...
    "dump" ...
    "describe" ...
    "aliases" ...
    "explain" ...
    "help" ...
    "kill" ...
    "ls" ...
    "mv" ...
    "mkdir" ...
    "pwd" ...
    "quit" ...
    "register" ...
    "rm" ...
    "rmf" ...
    "set" ...
    "illustrate" ...
    "run" ...
    "exec" ...
    "scriptDone" ...
    "" ...
    <EOL> ...
    ";" ...
    
	at org.apache.pig.tools.pigscript.parser.PigScriptParser.generateParseException(PigScriptParser.java:907)
	at org.apache.pig.tools.pigscript.parser.PigScriptParser.handle_invalid_command(PigScriptParser.java:723)
	at org.apache.pig.tools.pigscript.parser.PigScriptParser.parse(PigScriptParser.java:390)
	at org.apache.pig.tools.grunt.GruntParser.parseStopOnError(GruntParser.java:164)
	at org.apache.pig.tools.grunt.GruntParser.parseStopOnError(GruntParser.java:140)
	at org.apache.pig.tools.grunt.Grunt.run(Grunt.java:75)
	at org.apache.pig.Main.main(Main.java:350)
ERROR 2999: Unexpected internal error. Example Generator requires a schema. Please provide a schema while loading data.
java.lang.RuntimeException: Example Generator requires a schema. Please provide a schema while loading data.
	at org.apache.pig.pen.ExampleGenerator.getExamples(ExampleGenerator.java:96)
	at org.apache.pig.PigServer.getExamples(PigServer.java:717)
	at org.apache.pig.tools.grunt.GruntParser.processIllustrate(GruntParser.java:532)
	at org.apache.pig.tools.pigscript.parser.PigScriptParser.parse(PigScriptParser.java:195)
	at org.apache.pig.tools.grunt.GruntParser.parseStopOnError(GruntParser.java:164)
	at org.apache.pig.tools.grunt.GruntParser.parseStopOnError(GruntParser.java:140)
	at org.apache.pig.tools.grunt.Grunt.run(Grunt.java:75)
	at org.apache.pig.Main.main(Main.java:350)
ERROR 2999: Unexpected internal error. null
java.lang.NullPointerException
	at org.apache.pig.impl.plan.DepthFirstWalker.walk(DepthFirstWalker.java:47)
	at org.apache.pig.impl.plan.PlanVisitor.visit(PlanVisitor.java:51)
	at org.apache.pig.pen.ExampleGenerator.refineLogicalPlan(ExampleGenerator.java:207)
	at org.apache.pig.pen.ExampleGenerator.compilePlan(ExampleGenerator.java:188)
	at org.apache.pig.pen.ExampleGenerator.getExamples(ExampleGenerator.java:87)
	at org.apache.pig.PigServer.getExamples(PigServer.java:717)
	at org.apache.pig.tools.grunt.GruntParser.processIllustrate(GruntParser.java:532)
	at org.apache.pig.tools.pigscript.parser.PigScriptParser.parse(PigScriptParser.java:195)
	at org.apache.pig.tools.grunt.GruntParser.parseStopOnError(GruntParser.java:164)
	at org.apache.pig.tools.grunt.GruntParser.parseStopOnError(GruntParser.java:140)
	at org.apache.pig.tools.grunt.Grunt.run(Grunt.java:75)
	at org.apache.pig.Main.main(Main.java:350)
ERROR 2999: Unexpected internal error. Example Generator requires a schema. Please provide a schema while loading data.
java.lang.RuntimeException: Example Generator requires a schema. Please provide a schema while loading data.
	at org.apache.pig.pen.ExampleGenerator.getExamples(ExampleGenerator.java:96)
	at org.apache.pig.PigServer.getExamples(PigServer.java:717)
	at org.apache.pig.tools.grunt.GruntParser.processIllustrate(GruntParser.java:532)
	at org.apache.pig.tools.pigscript.parser.PigScriptParser.parse(PigScriptParser.java:195)
	at org.apache.pig.tools.grunt.GruntParser.parseStopOnError(GruntParser.java:164)
	at org.apache.pig.tools.grunt.GruntParser.parseStopOnError(GruntParser.java:140)
	at org.apache.pig.tools.grunt.Grunt.run(Grunt.java:75)
	at org.apache.pig.Main.main(Main.java:350)
ERROR 1000: Error during parsing. Encountered " <IDENTIFIER> "INSPECT "" at line 2, column 1.
Was expecting one of:
    <EOF> 
    "cat" ...
    "cd" ...
    "cp" ...
    "copyFromLocal" ...
    "copyToLocal" ...
    "dump" ...
    "describe" ...
    "aliases" ...
    "explain" ...
    "help" ...
    "kill" ...
    "ls" ...
    "mv" ...
    "mkdir" ...
    "pwd" ...
    "quit" ...
    "register" ...
    "rm" ...
    "rmf" ...
    "set" ...
    "illustrate" ...
    "run" ...
    "exec" ...
    "scriptDone" ...
    "" ...
    <EOL> ...
    ";" ...
    
org.apache.pig.tools.pigscript.parser.ParseException: Encountered " <IDENTIFIER> "INSPECT "" at line 2, column 1.
Was expecting one of:
    <EOF> 
    "cat" ...
    "cd" ...
    "cp" ...
    "copyFromLocal" ...
    "copyToLocal" ...
    "dump" ...
    "describe" ...
    "aliases" ...
    "explain" ...
    "help" ...
    "kill" ...
    "ls" ...
    "mv" ...
    "mkdir" ...
    "pwd" ...
    "quit" ...
    "register" ...
    "rm" ...
    "rmf" ...
    "set" ...
    "illustrate" ...
    "run" ...
    "exec" ...
    "scriptDone" ...
    "" ...
    <EOL> ...
    ";" ...
    
	at org.apache.pig.tools.pigscript.parser.PigScriptParser.generateParseException(PigScriptParser.java:907)
	at org.apache.pig.tools.pigscript.parser.PigScriptParser.handle_invalid_command(PigScriptParser.java:723)
	at org.apache.pig.tools.pigscript.parser.PigScriptParser.parse(PigScriptParser.java:390)
	at org.apache.pig.tools.grunt.GruntParser.parseStopOnError(GruntParser.java:164)
	at org.apache.pig.tools.grunt.GruntParser.parseStopOnError(GruntParser.java:140)
	at org.apache.pig.tools.grunt.Grunt.run(Grunt.java:75)
	at org.apache.pig.Main.main(Main.java:350)
