ERROR 1000: Error during parsing. Encountered " ";" "; "" at line 1, column 17.
Was expecting one of:
    <IDENTIFIER> ...
    <EXECCOMMAND> ...
    
org.apache.pig.impl.logicalLayer.FrontendException: ERROR 1000: Error during parsing. Encountered " ";" "; "" at line 1, column 17.
Was expecting one of:
    <IDENTIFIER> ...
    <EXECCOMMAND> ...
    
	at org.apache.pig.PigServer$Graph.parseQuery(PigServer.java:1017)
	at org.apache.pig.PigServer$Graph.registerQuery(PigServer.java:961)
	at org.apache.pig.PigServer.registerQuery(PigServer.java:377)
	at org.apache.pig.tools.grunt.GruntParser.processPig(GruntParser.java:703)
	at org.apache.pig.tools.pigscript.parser.PigScriptParser.parse(PigScriptParser.java:273)
	at org.apache.pig.tools.grunt.GruntParser.parseStopOnError(GruntParser.java:164)
	at org.apache.pig.tools.grunt.GruntParser.parseStopOnError(GruntParser.java:140)
	at org.apache.pig.tools.grunt.Grunt.run(Grunt.java:75)
	at org.apache.pig.Main.main(Main.java:350)
Caused by: org.apache.pig.impl.logicalLayer.parser.ParseException: Encountered " ";" "; "" at line 1, column 17.
Was expecting one of:
    <IDENTIFIER> ...
    <EXECCOMMAND> ...
    
	at org.apache.pig.impl.logicalLayer.parser.QueryParser.generateParseException(QueryParser.java:8602)
	at org.apache.pig.impl.logicalLayer.parser.QueryParser.jj_consume_token(QueryParser.java:8478)
	at org.apache.pig.impl.logicalLayer.parser.QueryParser.DefineClause(QueryParser.java:3035)
	at org.apache.pig.impl.logicalLayer.parser.QueryParser.BaseExpr(QueryParser.java:1210)
	at org.apache.pig.impl.logicalLayer.parser.QueryParser.Expr(QueryParser.java:880)
	at org.apache.pig.impl.logicalLayer.parser.QueryParser.Parse(QueryParser.java:693)
	at org.apache.pig.impl.logicalLayer.LogicalPlanBuilder.parse(LogicalPlanBuilder.java:63)
	at org.apache.pig.PigServer$Graph.parseQuery(PigServer.java:1011)
	... 8 more
ERROR 1000: Error during parsing. Encountered " <INTEGER> "5 "" at line 2, column 1.
Was expecting one of:
    <IDENTIFIER> ...
    <EXECCOMMAND> ...
    
org.apache.pig.impl.logicalLayer.FrontendException: ERROR 1000: Error during parsing. Encountered " <INTEGER> "5 "" at line 2, column 1.
Was expecting one of:
    <IDENTIFIER> ...
    <EXECCOMMAND> ...
    
	at org.apache.pig.PigServer$Graph.parseQuery(PigServer.java:1017)
	at org.apache.pig.PigServer$Graph.registerQuery(PigServer.java:961)
	at org.apache.pig.PigServer.registerQuery(PigServer.java:377)
	at org.apache.pig.tools.grunt.GruntParser.processPig(GruntParser.java:703)
	at org.apache.pig.tools.pigscript.parser.PigScriptParser.parse(PigScriptParser.java:273)
	at org.apache.pig.tools.grunt.GruntParser.parseStopOnError(GruntParser.java:164)
	at org.apache.pig.tools.grunt.GruntParser.parseStopOnError(GruntParser.java:140)
	at org.apache.pig.tools.grunt.Grunt.run(Grunt.java:75)
	at org.apache.pig.Main.main(Main.java:350)
Caused by: org.apache.pig.impl.logicalLayer.parser.ParseException: Encountered " <INTEGER> "5 "" at line 2, column 1.
Was expecting one of:
    <IDENTIFIER> ...
    <EXECCOMMAND> ...
    
	at org.apache.pig.impl.logicalLayer.parser.QueryParser.generateParseException(QueryParser.java:8602)
	at org.apache.pig.impl.logicalLayer.parser.QueryParser.jj_consume_token(QueryParser.java:8478)
	at org.apache.pig.impl.logicalLayer.parser.QueryParser.DefineClause(QueryParser.java:3035)
	at org.apache.pig.impl.logicalLayer.parser.QueryParser.BaseExpr(QueryParser.java:1210)
	at org.apache.pig.impl.logicalLayer.parser.QueryParser.Expr(QueryParser.java:880)
	at org.apache.pig.impl.logicalLayer.parser.QueryParser.Parse(QueryParser.java:693)
	at org.apache.pig.impl.logicalLayer.LogicalPlanBuilder.parse(LogicalPlanBuilder.java:63)
	at org.apache.pig.PigServer$Graph.parseQuery(PigServer.java:1011)
	... 8 more
ERROR 1000: Error during parsing. Encountered " <INTEGER> "2 "" at line 2, column 1.
Was expecting:
    <IDENTIFIER> ...
    
org.apache.pig.impl.logicalLayer.FrontendException: ERROR 1000: Error during parsing. Encountered " <INTEGER> "2 "" at line 2, column 1.
Was expecting:
    <IDENTIFIER> ...
    
	at org.apache.pig.PigServer$Graph.parseQuery(PigServer.java:1017)
	at org.apache.pig.PigServer$Graph.registerQuery(PigServer.java:961)
	at org.apache.pig.PigServer.registerQuery(PigServer.java:377)
	at org.apache.pig.tools.grunt.GruntParser.processPig(GruntParser.java:703)
	at org.apache.pig.tools.pigscript.parser.PigScriptParser.parse(PigScriptParser.java:273)
	at org.apache.pig.tools.grunt.GruntParser.parseStopOnError(GruntParser.java:164)
	at org.apache.pig.tools.grunt.GruntParser.parseStopOnError(GruntParser.java:140)
	at org.apache.pig.tools.grunt.Grunt.run(Grunt.java:75)
	at org.apache.pig.Main.main(Main.java:350)
Caused by: org.apache.pig.impl.logicalLayer.parser.ParseException: Encountered " <INTEGER> "2 "" at line 2, column 1.
Was expecting:
    <IDENTIFIER> ...
    
	at org.apache.pig.impl.logicalLayer.parser.QueryParser.generateParseException(QueryParser.java:8602)
	at org.apache.pig.impl.logicalLayer.parser.QueryParser.jj_consume_token(QueryParser.java:8478)
	at org.apache.pig.impl.logicalLayer.parser.QueryParser.BaseExpr(QueryParser.java:1235)
	at org.apache.pig.impl.logicalLayer.parser.QueryParser.Expr(QueryParser.java:880)
	at org.apache.pig.impl.logicalLayer.parser.QueryParser.Parse(QueryParser.java:669)
	at org.apache.pig.impl.logicalLayer.LogicalPlanBuilder.parse(LogicalPlanBuilder.java:63)
	at org.apache.pig.PigServer$Graph.parseQuery(PigServer.java:1011)
	... 8 more
ERROR 2999: Unexpected internal error. Unable to setup the load function.
java.lang.RuntimeException: Unable to setup the load function.
	at org.apache.pig.pen.ExampleGenerator.getExamples(ExampleGenerator.java:96)
	at org.apache.pig.PigServer.getExamples(PigServer.java:717)
	at org.apache.pig.tools.grunt.GruntParser.processIllustrate(GruntParser.java:532)
	at org.apache.pig.tools.pigscript.parser.PigScriptParser.parse(PigScriptParser.java:195)
	at org.apache.pig.tools.grunt.GruntParser.parseStopOnError(GruntParser.java:164)
	at org.apache.pig.tools.grunt.GruntParser.parseStopOnError(GruntParser.java:140)
	at org.apache.pig.tools.grunt.Grunt.run(Grunt.java:75)
	at org.apache.pig.Main.main(Main.java:350)
ERROR 2999: Unexpected internal error. Unable to setup the load function.
java.lang.RuntimeException: Unable to setup the load function.
	at org.apache.pig.pen.ExampleGenerator.getExamples(ExampleGenerator.java:96)
	at org.apache.pig.PigServer.getExamples(PigServer.java:717)
	at org.apache.pig.tools.grunt.GruntParser.processIllustrate(GruntParser.java:532)
	at org.apache.pig.tools.pigscript.parser.PigScriptParser.parse(PigScriptParser.java:195)
	at org.apache.pig.tools.grunt.GruntParser.parseStopOnError(GruntParser.java:164)
	at org.apache.pig.tools.grunt.GruntParser.parseStopOnError(GruntParser.java:140)
	at org.apache.pig.tools.grunt.Grunt.run(Grunt.java:75)
	at org.apache.pig.Main.main(Main.java:350)
ERROR 1000: Error during parsing. Encountered " <PATH> "$LOGS=\'/Users/rjurney/Projects/cloudsteno/CloudStenography/pig-0.3.0/access_log.raw\' "" at line 1, column 1.
Was expecting one of:
    <EOF> 
    "cat" ...
    "cd" ...
    "cp" ...
    "copyFromLocal" ...
    "copyToLocal" ...
    "dump" ...
    "describe" ...
    "aliases" ...
    "explain" ...
    "help" ...
    "kill" ...
    "ls" ...
    "mv" ...
    "mkdir" ...
    "pwd" ...
    "quit" ...
    "register" ...
    "rm" ...
    "rmf" ...
    "set" ...
    "illustrate" ...
    "run" ...
    "exec" ...
    "scriptDone" ...
    "" ...
    <EOL> ...
    ";" ...
    
org.apache.pig.tools.pigscript.parser.ParseException: Encountered " <PATH> "$LOGS=\'/Users/rjurney/Projects/cloudsteno/CloudStenography/pig-0.3.0/access_log.raw\' "" at line 1, column 1.
Was expecting one of:
    <EOF> 
    "cat" ...
    "cd" ...
    "cp" ...
    "copyFromLocal" ...
    "copyToLocal" ...
    "dump" ...
    "describe" ...
    "aliases" ...
    "explain" ...
    "help" ...
    "kill" ...
    "ls" ...
    "mv" ...
    "mkdir" ...
    "pwd" ...
    "quit" ...
    "register" ...
    "rm" ...
    "rmf" ...
    "set" ...
    "illustrate" ...
    "run" ...
    "exec" ...
    "scriptDone" ...
    "" ...
    <EOL> ...
    ";" ...
    
	at org.apache.pig.tools.pigscript.parser.PigScriptParser.generateParseException(PigScriptParser.java:907)
	at org.apache.pig.tools.pigscript.parser.PigScriptParser.handle_invalid_command(PigScriptParser.java:723)
	at org.apache.pig.tools.pigscript.parser.PigScriptParser.parse(PigScriptParser.java:390)
	at org.apache.pig.tools.grunt.GruntParser.parseStopOnError(GruntParser.java:164)
	at org.apache.pig.tools.grunt.GruntParser.parseStopOnError(GruntParser.java:140)
	at org.apache.pig.tools.grunt.Grunt.run(Grunt.java:75)
	at org.apache.pig.Main.main(Main.java:350)
ERROR 1000: Error during parsing. Encountered " <PATH> "LOGS=\'/Users/rjurney/Projects/cloudsteno/CloudStenography/pig-0.3.0/access_log.raw\' "" at line 1, column 1.
Was expecting one of:
    <EOF> 
    "cat" ...
    "cd" ...
    "cp" ...
    "copyFromLocal" ...
    "copyToLocal" ...
    "dump" ...
    "describe" ...
    "aliases" ...
    "explain" ...
    "help" ...
    "kill" ...
    "ls" ...
    "mv" ...
    "mkdir" ...
    "pwd" ...
    "quit" ...
    "register" ...
    "rm" ...
    "rmf" ...
    "set" ...
    "illustrate" ...
    "run" ...
    "exec" ...
    "scriptDone" ...
    "" ...
    <EOL> ...
    ";" ...
    
org.apache.pig.tools.pigscript.parser.ParseException: Encountered " <PATH> "LOGS=\'/Users/rjurney/Projects/cloudsteno/CloudStenography/pig-0.3.0/access_log.raw\' "" at line 1, column 1.
Was expecting one of:
    <EOF> 
    "cat" ...
    "cd" ...
    "cp" ...
    "copyFromLocal" ...
    "copyToLocal" ...
    "dump" ...
    "describe" ...
    "aliases" ...
    "explain" ...
    "help" ...
    "kill" ...
    "ls" ...
    "mv" ...
    "mkdir" ...
    "pwd" ...
    "quit" ...
    "register" ...
    "rm" ...
    "rmf" ...
    "set" ...
    "illustrate" ...
    "run" ...
    "exec" ...
    "scriptDone" ...
    "" ...
    <EOL> ...
    ";" ...
    
	at org.apache.pig.tools.pigscript.parser.PigScriptParser.generateParseException(PigScriptParser.java:907)
	at org.apache.pig.tools.pigscript.parser.PigScriptParser.handle_invalid_command(PigScriptParser.java:723)
	at org.apache.pig.tools.pigscript.parser.PigScriptParser.parse(PigScriptParser.java:390)
	at org.apache.pig.tools.grunt.GruntParser.parseStopOnError(GruntParser.java:164)
	at org.apache.pig.tools.grunt.GruntParser.parseStopOnError(GruntParser.java:140)
	at org.apache.pig.tools.grunt.Grunt.run(Grunt.java:75)
	at org.apache.pig.Main.main(Main.java:350)
ERROR 1000: Error during parsing. Encountered " <PATH> "%default "" at line 1, column 1.
Was expecting one of:
    <EOF> 
    "cat" ...
    "cd" ...
    "cp" ...
    "copyFromLocal" ...
    "copyToLocal" ...
    "dump" ...
    "describe" ...
    "aliases" ...
    "explain" ...
    "help" ...
    "kill" ...
    "ls" ...
    "mv" ...
    "mkdir" ...
    "pwd" ...
    "quit" ...
    "register" ...
    "rm" ...
    "rmf" ...
    "set" ...
    "illustrate" ...
    "run" ...
    "exec" ...
    "scriptDone" ...
    "" ...
    <EOL> ...
    ";" ...
    
org.apache.pig.tools.pigscript.parser.ParseException: Encountered " <PATH> "%default "" at line 1, column 1.
Was expecting one of:
    <EOF> 
    "cat" ...
    "cd" ...
    "cp" ...
    "copyFromLocal" ...
    "copyToLocal" ...
    "dump" ...
    "describe" ...
    "aliases" ...
    "explain" ...
    "help" ...
    "kill" ...
    "ls" ...
    "mv" ...
    "mkdir" ...
    "pwd" ...
    "quit" ...
    "register" ...
    "rm" ...
    "rmf" ...
    "set" ...
    "illustrate" ...
    "run" ...
    "exec" ...
    "scriptDone" ...
    "" ...
    <EOL> ...
    ";" ...
    
	at org.apache.pig.tools.pigscript.parser.PigScriptParser.generateParseException(PigScriptParser.java:907)
	at org.apache.pig.tools.pigscript.parser.PigScriptParser.handle_invalid_command(PigScriptParser.java:723)
	at org.apache.pig.tools.pigscript.parser.PigScriptParser.parse(PigScriptParser.java:390)
	at org.apache.pig.tools.grunt.GruntParser.parseStopOnError(GruntParser.java:164)
	at org.apache.pig.tools.grunt.GruntParser.parseStopOnError(GruntParser.java:140)
	at org.apache.pig.tools.grunt.Grunt.run(Grunt.java:75)
	at org.apache.pig.Main.main(Main.java:350)
ERROR 1000: Error during parsing. Invalid alias: referer in {group: bytearray,logs: {remoteAddr: bytearray,remoteLogname: bytearray,user: bytearray,time: bytearray,method: bytearray,uri: bytearray,proto: bytearray,status: bytearray,bytes: bytearray,referer: bytearray,userAgent: bytearray}}
org.apache.pig.impl.logicalLayer.FrontendException: ERROR 1000: Error during parsing. Invalid alias: referer in {group: bytearray,logs: {remoteAddr: bytearray,remoteLogname: bytearray,user: bytearray,time: bytearray,method: bytearray,uri: bytearray,proto: bytearray,status: bytearray,bytes: bytearray,referer: bytearray,userAgent: bytearray}}
	at org.apache.pig.PigServer$Graph.parseQuery(PigServer.java:1017)
	at org.apache.pig.PigServer$Graph.registerQuery(PigServer.java:961)
	at org.apache.pig.PigServer.registerQuery(PigServer.java:377)
	at org.apache.pig.tools.grunt.GruntParser.processPig(GruntParser.java:703)
	at org.apache.pig.tools.pigscript.parser.PigScriptParser.parse(PigScriptParser.java:273)
	at org.apache.pig.tools.grunt.GruntParser.parseStopOnError(GruntParser.java:164)
	at org.apache.pig.tools.grunt.GruntParser.parseStopOnError(GruntParser.java:140)
	at org.apache.pig.tools.grunt.Grunt.run(Grunt.java:75)
	at org.apache.pig.Main.main(Main.java:350)
Caused by: org.apache.pig.impl.logicalLayer.parser.ParseException: Invalid alias: referer in {group: bytearray,logs: {remoteAddr: bytearray,remoteLogname: bytearray,user: bytearray,time: bytearray,method: bytearray,uri: bytearray,proto: bytearray,status: bytearray,bytes: bytearray,referer: bytearray,userAgent: bytearray}}
	at org.apache.pig.impl.logicalLayer.parser.QueryParser.AliasFieldOrSpec(QueryParser.java:6458)
	at org.apache.pig.impl.logicalLayer.parser.QueryParser.ColOrSpec(QueryParser.java:6302)
	at org.apache.pig.impl.logicalLayer.parser.QueryParser.BaseEvalSpec(QueryParser.java:4474)
	at org.apache.pig.impl.logicalLayer.parser.QueryParser.UnaryExpr(QueryParser.java:4371)
	at org.apache.pig.impl.logicalLayer.parser.QueryParser.CastExpr(QueryParser.java:4317)
	at org.apache.pig.impl.logicalLayer.parser.QueryParser.MultiplicativeExpr(QueryParser.java:4226)
	at org.apache.pig.impl.logicalLayer.parser.QueryParser.AdditiveExpr(QueryParser.java:4152)
	at org.apache.pig.impl.logicalLayer.parser.QueryParser.InfixExpr(QueryParser.java:4118)
	at org.apache.pig.impl.logicalLayer.parser.QueryParser.FlattenedGenerateItem(QueryParser.java:4044)
	at org.apache.pig.impl.logicalLayer.parser.QueryParser.FlattenedGenerateItemList(QueryParser.java:3954)
	at org.apache.pig.impl.logicalLayer.parser.QueryParser.GenerateStatement(QueryParser.java:3911)
	at org.apache.pig.impl.logicalLayer.parser.QueryParser.NestedBlock(QueryParser.java:3320)
	at org.apache.pig.impl.logicalLayer.parser.QueryParser.ForEachClause(QueryParser.java:2730)
	at org.apache.pig.impl.logicalLayer.parser.QueryParser.BaseExpr(QueryParser.java:1301)
	at org.apache.pig.impl.logicalLayer.parser.QueryParser.Expr(QueryParser.java:880)
	at org.apache.pig.impl.logicalLayer.parser.QueryParser.Parse(QueryParser.java:669)
	at org.apache.pig.impl.logicalLayer.LogicalPlanBuilder.parse(LogicalPlanBuilder.java:63)
	at org.apache.pig.PigServer$Graph.parseQuery(PigServer.java:1011)
	... 8 more
ERROR 1000: Error during parsing. Invalid alias: referer in {group: bytearray,logs: {remoteAddr: bytearray,remoteLogname: bytearray,user: bytearray,time: bytearray,method: bytearray,uri: bytearray,proto: bytearray,status: bytearray,bytes: bytearray,referer: bytearray,userAgent: bytearray}}
org.apache.pig.impl.logicalLayer.FrontendException: ERROR 1000: Error during parsing. Invalid alias: referer in {group: bytearray,logs: {remoteAddr: bytearray,remoteLogname: bytearray,user: bytearray,time: bytearray,method: bytearray,uri: bytearray,proto: bytearray,status: bytearray,bytes: bytearray,referer: bytearray,userAgent: bytearray}}
	at org.apache.pig.PigServer$Graph.parseQuery(PigServer.java:1017)
	at org.apache.pig.PigServer$Graph.registerQuery(PigServer.java:961)
	at org.apache.pig.PigServer.registerQuery(PigServer.java:377)
	at org.apache.pig.tools.grunt.GruntParser.processPig(GruntParser.java:703)
	at org.apache.pig.tools.pigscript.parser.PigScriptParser.parse(PigScriptParser.java:273)
	at org.apache.pig.tools.grunt.GruntParser.parseStopOnError(GruntParser.java:164)
	at org.apache.pig.tools.grunt.GruntParser.parseStopOnError(GruntParser.java:140)
	at org.apache.pig.tools.grunt.Grunt.run(Grunt.java:75)
	at org.apache.pig.Main.main(Main.java:350)
Caused by: org.apache.pig.impl.logicalLayer.parser.ParseException: Invalid alias: referer in {group: bytearray,logs: {remoteAddr: bytearray,remoteLogname: bytearray,user: bytearray,time: bytearray,method: bytearray,uri: bytearray,proto: bytearray,status: bytearray,bytes: bytearray,referer: bytearray,userAgent: bytearray}}
	at org.apache.pig.impl.logicalLayer.parser.QueryParser.AliasFieldOrSpec(QueryParser.java:6458)
	at org.apache.pig.impl.logicalLayer.parser.QueryParser.ColOrSpec(QueryParser.java:6302)
	at org.apache.pig.impl.logicalLayer.parser.QueryParser.BaseEvalSpec(QueryParser.java:4474)
	at org.apache.pig.impl.logicalLayer.parser.QueryParser.UnaryExpr(QueryParser.java:4371)
	at org.apache.pig.impl.logicalLayer.parser.QueryParser.CastExpr(QueryParser.java:4317)
	at org.apache.pig.impl.logicalLayer.parser.QueryParser.MultiplicativeExpr(QueryParser.java:4226)
	at org.apache.pig.impl.logicalLayer.parser.QueryParser.AdditiveExpr(QueryParser.java:4152)
	at org.apache.pig.impl.logicalLayer.parser.QueryParser.InfixExpr(QueryParser.java:4118)
	at org.apache.pig.impl.logicalLayer.parser.QueryParser.FlattenedGenerateItem(QueryParser.java:4044)
	at org.apache.pig.impl.logicalLayer.parser.QueryParser.FlattenedGenerateItemList(QueryParser.java:3954)
	at org.apache.pig.impl.logicalLayer.parser.QueryParser.GenerateStatement(QueryParser.java:3911)
	at org.apache.pig.impl.logicalLayer.parser.QueryParser.NestedBlock(QueryParser.java:3320)
	at org.apache.pig.impl.logicalLayer.parser.QueryParser.ForEachClause(QueryParser.java:2730)
	at org.apache.pig.impl.logicalLayer.parser.QueryParser.BaseExpr(QueryParser.java:1301)
	at org.apache.pig.impl.logicalLayer.parser.QueryParser.Expr(QueryParser.java:880)
	at org.apache.pig.impl.logicalLayer.parser.QueryParser.Parse(QueryParser.java:669)
	at org.apache.pig.impl.logicalLayer.LogicalPlanBuilder.parse(LogicalPlanBuilder.java:63)
	at org.apache.pig.PigServer$Graph.parseQuery(PigServer.java:1011)
	... 8 more
ERROR 1000: Error during parsing. Encountered " <IDENTIFIER> "referrers "" at line 1, column 12.
Was expecting one of:
    "as" ...
    ";" ...
    
org.apache.pig.impl.logicalLayer.FrontendException: ERROR 1000: Error during parsing. Encountered " <IDENTIFIER> "referrers "" at line 1, column 12.
Was expecting one of:
    "as" ...
    ";" ...
    
	at org.apache.pig.PigServer$Graph.parseQuery(PigServer.java:1017)
	at org.apache.pig.PigServer$Graph.registerQuery(PigServer.java:961)
	at org.apache.pig.PigServer.registerQuery(PigServer.java:377)
	at org.apache.pig.tools.grunt.GruntParser.processPig(GruntParser.java:703)
	at org.apache.pig.tools.pigscript.parser.PigScriptParser.parse(PigScriptParser.java:273)
	at org.apache.pig.tools.grunt.GruntParser.parseStopOnError(GruntParser.java:164)
	at org.apache.pig.tools.grunt.GruntParser.parseStopOnError(GruntParser.java:140)
	at org.apache.pig.tools.grunt.Grunt.run(Grunt.java:75)
	at org.apache.pig.Main.main(Main.java:350)
Caused by: org.apache.pig.impl.logicalLayer.parser.ParseException: Encountered " <IDENTIFIER> "referrers "" at line 1, column 12.
Was expecting one of:
    "as" ...
    ";" ...
    
	at org.apache.pig.impl.logicalLayer.parser.QueryParser.generateParseException(QueryParser.java:8602)
	at org.apache.pig.impl.logicalLayer.parser.QueryParser.jj_consume_token(QueryParser.java:8478)
	at org.apache.pig.impl.logicalLayer.parser.QueryParser.Parse(QueryParser.java:663)
	at org.apache.pig.impl.logicalLayer.LogicalPlanBuilder.parse(LogicalPlanBuilder.java:63)
	at org.apache.pig.PigServer$Graph.parseQuery(PigServer.java:1011)
	... 8 more
ERROR 1000: Error during parsing. Unrecognized alias C
org.apache.pig.impl.logicalLayer.FrontendException: ERROR 1000: Error during parsing. Unrecognized alias C
	at org.apache.pig.PigServer$Graph.parseQuery(PigServer.java:1017)
	at org.apache.pig.PigServer$Graph.registerQuery(PigServer.java:961)
	at org.apache.pig.PigServer.registerQuery(PigServer.java:377)
	at org.apache.pig.tools.grunt.GruntParser.processPig(GruntParser.java:703)
	at org.apache.pig.tools.pigscript.parser.PigScriptParser.parse(PigScriptParser.java:273)
	at org.apache.pig.tools.grunt.GruntParser.parseStopOnError(GruntParser.java:164)
	at org.apache.pig.tools.grunt.GruntParser.parseStopOnError(GruntParser.java:140)
	at org.apache.pig.tools.grunt.Grunt.run(Grunt.java:75)
	at org.apache.pig.Main.main(Main.java:350)
Caused by: org.apache.pig.impl.logicalLayer.parser.ParseException: Unrecognized alias C
	at org.apache.pig.impl.logicalLayer.parser.QueryParser.Alias(QueryParser.java:1180)
	at org.apache.pig.impl.logicalLayer.parser.QueryParser.NestedExpr(QueryParser.java:923)
	at org.apache.pig.impl.logicalLayer.parser.QueryParser.ForEachClause(QueryParser.java:2729)
	at org.apache.pig.impl.logicalLayer.parser.QueryParser.BaseExpr(QueryParser.java:1301)
	at org.apache.pig.impl.logicalLayer.parser.QueryParser.Expr(QueryParser.java:880)
	at org.apache.pig.impl.logicalLayer.parser.QueryParser.Parse(QueryParser.java:669)
	at org.apache.pig.impl.logicalLayer.LogicalPlanBuilder.parse(LogicalPlanBuilder.java:63)
	at org.apache.pig.PigServer$Graph.parseQuery(PigServer.java:1011)
	... 8 more
ERROR 1000: Error during parsing. Invalid alias: group in {remoteAddr: bytearray,remoteLogname: bytearray,user: bytearray,time: bytearray,method: bytearray,uri: bytearray,proto: bytearray,status: bytearray,bytes: bytearray,referer: bytearray,userAgent: bytearray}
org.apache.pig.impl.logicalLayer.FrontendException: ERROR 1000: Error during parsing. Invalid alias: group in {remoteAddr: bytearray,remoteLogname: bytearray,user: bytearray,time: bytearray,method: bytearray,uri: bytearray,proto: bytearray,status: bytearray,bytes: bytearray,referer: bytearray,userAgent: bytearray}
	at org.apache.pig.PigServer$Graph.parseQuery(PigServer.java:1017)
	at org.apache.pig.PigServer$Graph.registerQuery(PigServer.java:961)
	at org.apache.pig.PigServer.registerQuery(PigServer.java:377)
	at org.apache.pig.tools.grunt.GruntParser.processPig(GruntParser.java:703)
	at org.apache.pig.tools.pigscript.parser.PigScriptParser.parse(PigScriptParser.java:273)
	at org.apache.pig.tools.grunt.GruntParser.parseStopOnError(GruntParser.java:164)
	at org.apache.pig.tools.grunt.GruntParser.parseStopOnError(GruntParser.java:140)
	at org.apache.pig.tools.grunt.Grunt.run(Grunt.java:75)
	at org.apache.pig.Main.main(Main.java:350)
Caused by: org.apache.pig.impl.logicalLayer.parser.ParseException: Invalid alias: group in {remoteAddr: bytearray,remoteLogname: bytearray,user: bytearray,time: bytearray,method: bytearray,uri: bytearray,proto: bytearray,status: bytearray,bytes: bytearray,referer: bytearray,userAgent: bytearray}
	at org.apache.pig.impl.logicalLayer.parser.QueryParser.AliasFieldOrSpec(QueryParser.java:6458)
	at org.apache.pig.impl.logicalLayer.parser.QueryParser.ColOrSpec(QueryParser.java:6302)
	at org.apache.pig.impl.logicalLayer.parser.QueryParser.BaseEvalSpec(QueryParser.java:4474)
	at org.apache.pig.impl.logicalLayer.parser.QueryParser.UnaryExpr(QueryParser.java:4371)
	at org.apache.pig.impl.logicalLayer.parser.QueryParser.CastExpr(QueryParser.java:4317)
	at org.apache.pig.impl.logicalLayer.parser.QueryParser.MultiplicativeExpr(QueryParser.java:4226)
	at org.apache.pig.impl.logicalLayer.parser.QueryParser.AdditiveExpr(QueryParser.java:4152)
	at org.apache.pig.impl.logicalLayer.parser.QueryParser.InfixExpr(QueryParser.java:4118)
	at org.apache.pig.impl.logicalLayer.parser.QueryParser.FlattenedGenerateItem(QueryParser.java:4044)
	at org.apache.pig.impl.logicalLayer.parser.QueryParser.FlattenedGenerateItemList(QueryParser.java:3954)
	at org.apache.pig.impl.logicalLayer.parser.QueryParser.GenerateStatement(QueryParser.java:3911)
	at org.apache.pig.impl.logicalLayer.parser.QueryParser.NestedBlock(QueryParser.java:3320)
	at org.apache.pig.impl.logicalLayer.parser.QueryParser.ForEachClause(QueryParser.java:2730)
	at org.apache.pig.impl.logicalLayer.parser.QueryParser.BaseExpr(QueryParser.java:1301)
	at org.apache.pig.impl.logicalLayer.parser.QueryParser.Expr(QueryParser.java:880)
	at org.apache.pig.impl.logicalLayer.parser.QueryParser.Parse(QueryParser.java:669)
	at org.apache.pig.impl.logicalLayer.LogicalPlanBuilder.parse(LogicalPlanBuilder.java:63)
	at org.apache.pig.PigServer$Graph.parseQuery(PigServer.java:1011)
	... 8 more
ERROR 1000: Error during parsing. Invalid alias: group in {remoteAddr: bytearray,remoteLogname: bytearray,user: bytearray,time: bytearray,method: bytearray,uri: bytearray,proto: bytearray,status: bytearray,bytes: bytearray,referer: bytearray,userAgent: bytearray}
org.apache.pig.impl.logicalLayer.FrontendException: ERROR 1000: Error during parsing. Invalid alias: group in {remoteAddr: bytearray,remoteLogname: bytearray,user: bytearray,time: bytearray,method: bytearray,uri: bytearray,proto: bytearray,status: bytearray,bytes: bytearray,referer: bytearray,userAgent: bytearray}
	at org.apache.pig.PigServer$Graph.parseQuery(PigServer.java:1017)
	at org.apache.pig.PigServer$Graph.registerQuery(PigServer.java:961)
	at org.apache.pig.PigServer.registerQuery(PigServer.java:377)
	at org.apache.pig.tools.grunt.GruntParser.processPig(GruntParser.java:703)
	at org.apache.pig.tools.pigscript.parser.PigScriptParser.parse(PigScriptParser.java:273)
	at org.apache.pig.tools.grunt.GruntParser.parseStopOnError(GruntParser.java:164)
	at org.apache.pig.tools.grunt.GruntParser.parseStopOnError(GruntParser.java:140)
	at org.apache.pig.tools.grunt.Grunt.run(Grunt.java:75)
	at org.apache.pig.Main.main(Main.java:350)
Caused by: org.apache.pig.impl.logicalLayer.parser.ParseException: Invalid alias: group in {remoteAddr: bytearray,remoteLogname: bytearray,user: bytearray,time: bytearray,method: bytearray,uri: bytearray,proto: bytearray,status: bytearray,bytes: bytearray,referer: bytearray,userAgent: bytearray}
	at org.apache.pig.impl.logicalLayer.parser.QueryParser.AliasFieldOrSpec(QueryParser.java:6458)
	at org.apache.pig.impl.logicalLayer.parser.QueryParser.ColOrSpec(QueryParser.java:6302)
	at org.apache.pig.impl.logicalLayer.parser.QueryParser.BaseEvalSpec(QueryParser.java:4474)
	at org.apache.pig.impl.logicalLayer.parser.QueryParser.UnaryExpr(QueryParser.java:4371)
	at org.apache.pig.impl.logicalLayer.parser.QueryParser.CastExpr(QueryParser.java:4317)
	at org.apache.pig.impl.logicalLayer.parser.QueryParser.MultiplicativeExpr(QueryParser.java:4226)
	at org.apache.pig.impl.logicalLayer.parser.QueryParser.AdditiveExpr(QueryParser.java:4152)
	at org.apache.pig.impl.logicalLayer.parser.QueryParser.InfixExpr(QueryParser.java:4118)
	at org.apache.pig.impl.logicalLayer.parser.QueryParser.FlattenedGenerateItem(QueryParser.java:4044)
	at org.apache.pig.impl.logicalLayer.parser.QueryParser.FlattenedGenerateItemList(QueryParser.java:3954)
	at org.apache.pig.impl.logicalLayer.parser.QueryParser.GenerateStatement(QueryParser.java:3911)
	at org.apache.pig.impl.logicalLayer.parser.QueryParser.NestedBlock(QueryParser.java:3320)
	at org.apache.pig.impl.logicalLayer.parser.QueryParser.ForEachClause(QueryParser.java:2730)
	at org.apache.pig.impl.logicalLayer.parser.QueryParser.BaseExpr(QueryParser.java:1301)
	at org.apache.pig.impl.logicalLayer.parser.QueryParser.Expr(QueryParser.java:880)
	at org.apache.pig.impl.logicalLayer.parser.QueryParser.Parse(QueryParser.java:669)
	at org.apache.pig.impl.logicalLayer.LogicalPlanBuilder.parse(LogicalPlanBuilder.java:63)
	at org.apache.pig.PigServer$Graph.parseQuery(PigServer.java:1011)
	... 8 more
ERROR 1000: Error during parsing. Invalid alias: group in {remoteAddr: bytearray,remoteLogname: bytearray,user: bytearray,time: bytearray,method: bytearray,uri: bytearray,proto: bytearray,status: bytearray,bytes: bytearray,referer: bytearray,userAgent: bytearray}
org.apache.pig.impl.logicalLayer.FrontendException: ERROR 1000: Error during parsing. Invalid alias: group in {remoteAddr: bytearray,remoteLogname: bytearray,user: bytearray,time: bytearray,method: bytearray,uri: bytearray,proto: bytearray,status: bytearray,bytes: bytearray,referer: bytearray,userAgent: bytearray}
	at org.apache.pig.PigServer$Graph.parseQuery(PigServer.java:1017)
	at org.apache.pig.PigServer$Graph.registerQuery(PigServer.java:961)
	at org.apache.pig.PigServer.registerQuery(PigServer.java:377)
	at org.apache.pig.tools.grunt.GruntParser.processPig(GruntParser.java:703)
	at org.apache.pig.tools.pigscript.parser.PigScriptParser.parse(PigScriptParser.java:273)
	at org.apache.pig.tools.grunt.GruntParser.parseStopOnError(GruntParser.java:164)
	at org.apache.pig.tools.grunt.GruntParser.parseStopOnError(GruntParser.java:140)
	at org.apache.pig.tools.grunt.Grunt.run(Grunt.java:75)
	at org.apache.pig.Main.main(Main.java:350)
Caused by: org.apache.pig.impl.logicalLayer.parser.ParseException: Invalid alias: group in {remoteAddr: bytearray,remoteLogname: bytearray,user: bytearray,time: bytearray,method: bytearray,uri: bytearray,proto: bytearray,status: bytearray,bytes: bytearray,referer: bytearray,userAgent: bytearray}
	at org.apache.pig.impl.logicalLayer.parser.QueryParser.AliasFieldOrSpec(QueryParser.java:6458)
	at org.apache.pig.impl.logicalLayer.parser.QueryParser.ColOrSpec(QueryParser.java:6302)
	at org.apache.pig.impl.logicalLayer.parser.QueryParser.BaseEvalSpec(QueryParser.java:4474)
	at org.apache.pig.impl.logicalLayer.parser.QueryParser.UnaryExpr(QueryParser.java:4371)
	at org.apache.pig.impl.logicalLayer.parser.QueryParser.CastExpr(QueryParser.java:4317)
	at org.apache.pig.impl.logicalLayer.parser.QueryParser.MultiplicativeExpr(QueryParser.java:4226)
	at org.apache.pig.impl.logicalLayer.parser.QueryParser.AdditiveExpr(QueryParser.java:4152)
	at org.apache.pig.impl.logicalLayer.parser.QueryParser.InfixExpr(QueryParser.java:4118)
	at org.apache.pig.impl.logicalLayer.parser.QueryParser.FlattenedGenerateItem(QueryParser.java:4044)
	at org.apache.pig.impl.logicalLayer.parser.QueryParser.FlattenedGenerateItemList(QueryParser.java:3954)
	at org.apache.pig.impl.logicalLayer.parser.QueryParser.GenerateStatement(QueryParser.java:3911)
	at org.apache.pig.impl.logicalLayer.parser.QueryParser.NestedBlock(QueryParser.java:3320)
	at org.apache.pig.impl.logicalLayer.parser.QueryParser.ForEachClause(QueryParser.java:2730)
	at org.apache.pig.impl.logicalLayer.parser.QueryParser.BaseExpr(QueryParser.java:1301)
	at org.apache.pig.impl.logicalLayer.parser.QueryParser.Expr(QueryParser.java:880)
	at org.apache.pig.impl.logicalLayer.parser.QueryParser.Parse(QueryParser.java:669)
	at org.apache.pig.impl.logicalLayer.LogicalPlanBuilder.parse(LogicalPlanBuilder.java:63)
	at org.apache.pig.PigServer$Graph.parseQuery(PigServer.java:1011)
	... 8 more
ERROR 1000: Error during parsing. Invalid alias: logs in {remoteAddr: bytearray,remoteLogname: bytearray,user: bytearray,time: bytearray,method: bytearray,uri: bytearray,proto: bytearray,status: bytearray,bytes: bytearray,referer: bytearray,userAgent: bytearray}
org.apache.pig.impl.logicalLayer.FrontendException: ERROR 1000: Error during parsing. Invalid alias: logs in {remoteAddr: bytearray,remoteLogname: bytearray,user: bytearray,time: bytearray,method: bytearray,uri: bytearray,proto: bytearray,status: bytearray,bytes: bytearray,referer: bytearray,userAgent: bytearray}
	at org.apache.pig.PigServer$Graph.parseQuery(PigServer.java:1017)
	at org.apache.pig.PigServer$Graph.registerQuery(PigServer.java:961)
	at org.apache.pig.PigServer.registerQuery(PigServer.java:377)
	at org.apache.pig.tools.grunt.GruntParser.processPig(GruntParser.java:703)
	at org.apache.pig.tools.pigscript.parser.PigScriptParser.parse(PigScriptParser.java:273)
	at org.apache.pig.tools.grunt.GruntParser.parseStopOnError(GruntParser.java:164)
	at org.apache.pig.tools.grunt.GruntParser.parseStopOnError(GruntParser.java:140)
	at org.apache.pig.tools.grunt.Grunt.run(Grunt.java:75)
	at org.apache.pig.Main.main(Main.java:350)
Caused by: org.apache.pig.impl.logicalLayer.parser.ParseException: Invalid alias: logs in {remoteAddr: bytearray,remoteLogname: bytearray,user: bytearray,time: bytearray,method: bytearray,uri: bytearray,proto: bytearray,status: bytearray,bytes: bytearray,referer: bytearray,userAgent: bytearray}
	at org.apache.pig.impl.logicalLayer.parser.QueryParser.AliasFieldOrSpec(QueryParser.java:6458)
	at org.apache.pig.impl.logicalLayer.parser.QueryParser.ColOrSpec(QueryParser.java:6302)
	at org.apache.pig.impl.logicalLayer.parser.QueryParser.BaseEvalSpec(QueryParser.java:4474)
	at org.apache.pig.impl.logicalLayer.parser.QueryParser.UnaryExpr(QueryParser.java:4371)
	at org.apache.pig.impl.logicalLayer.parser.QueryParser.CastExpr(QueryParser.java:4317)
	at org.apache.pig.impl.logicalLayer.parser.QueryParser.MultiplicativeExpr(QueryParser.java:4226)
	at org.apache.pig.impl.logicalLayer.parser.QueryParser.AdditiveExpr(QueryParser.java:4152)
	at org.apache.pig.impl.logicalLayer.parser.QueryParser.InfixExpr(QueryParser.java:4118)
	at org.apache.pig.impl.logicalLayer.parser.QueryParser.EvalArgsItem(QueryParser.java:4866)
	at org.apache.pig.impl.logicalLayer.parser.QueryParser.EvalArgs(QueryParser.java:4813)
	at org.apache.pig.impl.logicalLayer.parser.QueryParser.EvalFuncSpec(QueryParser.java:4646)
	at org.apache.pig.impl.logicalLayer.parser.QueryParser.BaseEvalSpec(QueryParser.java:4468)
	at org.apache.pig.impl.logicalLayer.parser.QueryParser.UnaryExpr(QueryParser.java:4371)
	at org.apache.pig.impl.logicalLayer.parser.QueryParser.CastExpr(QueryParser.java:4317)
	at org.apache.pig.impl.logicalLayer.parser.QueryParser.MultiplicativeExpr(QueryParser.java:4226)
	at org.apache.pig.impl.logicalLayer.parser.QueryParser.AdditiveExpr(QueryParser.java:4152)
	at org.apache.pig.impl.logicalLayer.parser.QueryParser.InfixExpr(QueryParser.java:4118)
	at org.apache.pig.impl.logicalLayer.parser.QueryParser.FlattenedGenerateItem(QueryParser.java:4044)
	at org.apache.pig.impl.logicalLayer.parser.QueryParser.FlattenedGenerateItemList(QueryParser.java:3967)
	at org.apache.pig.impl.logicalLayer.parser.QueryParser.GenerateStatement(QueryParser.java:3911)
	at org.apache.pig.impl.logicalLayer.parser.QueryParser.NestedBlock(QueryParser.java:3320)
	at org.apache.pig.impl.logicalLayer.parser.QueryParser.ForEachClause(QueryParser.java:2730)
	at org.apache.pig.impl.logicalLayer.parser.QueryParser.BaseExpr(QueryParser.java:1301)
	at org.apache.pig.impl.logicalLayer.parser.QueryParser.Expr(QueryParser.java:880)
	at org.apache.pig.impl.logicalLayer.parser.QueryParser.Parse(QueryParser.java:669)
	at org.apache.pig.impl.logicalLayer.LogicalPlanBuilder.parse(LogicalPlanBuilder.java:63)
	at org.apache.pig.PigServer$Graph.parseQuery(PigServer.java:1011)
	... 8 more
ERROR 1000: Error during parsing. Invalid alias: logs in {remoteAddr: bytearray,remoteLogname: bytearray,user: bytearray,time: bytearray,method: bytearray,uri: bytearray,proto: bytearray,status: bytearray,bytes: bytearray,referer: bytearray,userAgent: bytearray}
org.apache.pig.impl.logicalLayer.FrontendException: ERROR 1000: Error during parsing. Invalid alias: logs in {remoteAddr: bytearray,remoteLogname: bytearray,user: bytearray,time: bytearray,method: bytearray,uri: bytearray,proto: bytearray,status: bytearray,bytes: bytearray,referer: bytearray,userAgent: bytearray}
	at org.apache.pig.PigServer$Graph.parseQuery(PigServer.java:1017)
	at org.apache.pig.PigServer$Graph.registerQuery(PigServer.java:961)
	at org.apache.pig.PigServer.registerQuery(PigServer.java:377)
	at org.apache.pig.tools.grunt.GruntParser.processPig(GruntParser.java:703)
	at org.apache.pig.tools.pigscript.parser.PigScriptParser.parse(PigScriptParser.java:273)
	at org.apache.pig.tools.grunt.GruntParser.parseStopOnError(GruntParser.java:164)
	at org.apache.pig.tools.grunt.GruntParser.parseStopOnError(GruntParser.java:140)
	at org.apache.pig.tools.grunt.Grunt.run(Grunt.java:75)
	at org.apache.pig.Main.main(Main.java:350)
Caused by: org.apache.pig.impl.logicalLayer.parser.ParseException: Invalid alias: logs in {remoteAddr: bytearray,remoteLogname: bytearray,user: bytearray,time: bytearray,method: bytearray,uri: bytearray,proto: bytearray,status: bytearray,bytes: bytearray,referer: bytearray,userAgent: bytearray}
	at org.apache.pig.impl.logicalLayer.parser.QueryParser.AliasFieldOrSpec(QueryParser.java:6458)
	at org.apache.pig.impl.logicalLayer.parser.QueryParser.ColOrSpec(QueryParser.java:6302)
	at org.apache.pig.impl.logicalLayer.parser.QueryParser.BaseEvalSpec(QueryParser.java:4474)
	at org.apache.pig.impl.logicalLayer.parser.QueryParser.UnaryExpr(QueryParser.java:4371)
	at org.apache.pig.impl.logicalLayer.parser.QueryParser.CastExpr(QueryParser.java:4317)
	at org.apache.pig.impl.logicalLayer.parser.QueryParser.MultiplicativeExpr(QueryParser.java:4226)
	at org.apache.pig.impl.logicalLayer.parser.QueryParser.AdditiveExpr(QueryParser.java:4152)
	at org.apache.pig.impl.logicalLayer.parser.QueryParser.InfixExpr(QueryParser.java:4118)
	at org.apache.pig.impl.logicalLayer.parser.QueryParser.EvalArgsItem(QueryParser.java:4866)
	at org.apache.pig.impl.logicalLayer.parser.QueryParser.EvalArgs(QueryParser.java:4813)
	at org.apache.pig.impl.logicalLayer.parser.QueryParser.EvalFuncSpec(QueryParser.java:4646)
	at org.apache.pig.impl.logicalLayer.parser.QueryParser.BaseEvalSpec(QueryParser.java:4468)
	at org.apache.pig.impl.logicalLayer.parser.QueryParser.UnaryExpr(QueryParser.java:4371)
	at org.apache.pig.impl.logicalLayer.parser.QueryParser.CastExpr(QueryParser.java:4317)
	at org.apache.pig.impl.logicalLayer.parser.QueryParser.MultiplicativeExpr(QueryParser.java:4226)
	at org.apache.pig.impl.logicalLayer.parser.QueryParser.AdditiveExpr(QueryParser.java:4152)
	at org.apache.pig.impl.logicalLayer.parser.QueryParser.InfixExpr(QueryParser.java:4118)
	at org.apache.pig.impl.logicalLayer.parser.QueryParser.FlattenedGenerateItem(QueryParser.java:4044)
	at org.apache.pig.impl.logicalLayer.parser.QueryParser.FlattenedGenerateItemList(QueryParser.java:3967)
	at org.apache.pig.impl.logicalLayer.parser.QueryParser.GenerateStatement(QueryParser.java:3911)
	at org.apache.pig.impl.logicalLayer.parser.QueryParser.NestedBlock(QueryParser.java:3320)
	at org.apache.pig.impl.logicalLayer.parser.QueryParser.ForEachClause(QueryParser.java:2730)
	at org.apache.pig.impl.logicalLayer.parser.QueryParser.BaseExpr(QueryParser.java:1301)
	at org.apache.pig.impl.logicalLayer.parser.QueryParser.Expr(QueryParser.java:880)
	at org.apache.pig.impl.logicalLayer.parser.QueryParser.Parse(QueryParser.java:669)
	at org.apache.pig.impl.logicalLayer.LogicalPlanBuilder.parse(LogicalPlanBuilder.java:63)
	at org.apache.pig.PigServer$Graph.parseQuery(PigServer.java:1011)
	... 8 more
ERROR 1000: Error during parsing. Encountered " <IDENTIFIER> "foreach "" at line 15, column 1.
Was expecting one of:
    <EOF> 
    "cat" ...
    "cd" ...
    "cp" ...
    "copyFromLocal" ...
    "copyToLocal" ...
    "dump" ...
    "describe" ...
    "aliases" ...
    "explain" ...
    "help" ...
    "kill" ...
    "ls" ...
    "mv" ...
    "mkdir" ...
    "pwd" ...
    "quit" ...
    "register" ...
    "rm" ...
    "rmf" ...
    "set" ...
    "illustrate" ...
    "run" ...
    "exec" ...
    "scriptDone" ...
    "" ...
    <EOL> ...
    ";" ...
    
org.apache.pig.tools.pigscript.parser.ParseException: Encountered " <IDENTIFIER> "foreach "" at line 15, column 1.
Was expecting one of:
    <EOF> 
    "cat" ...
    "cd" ...
    "cp" ...
    "copyFromLocal" ...
    "copyToLocal" ...
    "dump" ...
    "describe" ...
    "aliases" ...
    "explain" ...
    "help" ...
    "kill" ...
    "ls" ...
    "mv" ...
    "mkdir" ...
    "pwd" ...
    "quit" ...
    "register" ...
    "rm" ...
    "rmf" ...
    "set" ...
    "illustrate" ...
    "run" ...
    "exec" ...
    "scriptDone" ...
    "" ...
    <EOL> ...
    ";" ...
    
	at org.apache.pig.tools.pigscript.parser.PigScriptParser.generateParseException(PigScriptParser.java:907)
	at org.apache.pig.tools.pigscript.parser.PigScriptParser.handle_invalid_command(PigScriptParser.java:723)
	at org.apache.pig.tools.pigscript.parser.PigScriptParser.parse(PigScriptParser.java:390)
	at org.apache.pig.tools.grunt.GruntParser.parseStopOnError(GruntParser.java:164)
	at org.apache.pig.tools.grunt.GruntParser.parseStopOnError(GruntParser.java:140)
	at org.apache.pig.tools.grunt.Grunt.run(Grunt.java:75)
	at org.apache.pig.Main.main(Main.java:350)
ERROR 1000: Error during parsing. Encountered " <IDENTIFIER> "foreach "" at line 2, column 1.
Was expecting one of:
    <EOF> 
    "cat" ...
    "cd" ...
    "cp" ...
    "copyFromLocal" ...
    "copyToLocal" ...
    "dump" ...
    "describe" ...
    "aliases" ...
    "explain" ...
    "help" ...
    "kill" ...
    "ls" ...
    "mv" ...
    "mkdir" ...
    "pwd" ...
    "quit" ...
    "register" ...
    "rm" ...
    "rmf" ...
    "set" ...
    "illustrate" ...
    "run" ...
    "exec" ...
    "scriptDone" ...
    "" ...
    <EOL> ...
    ";" ...
    
org.apache.pig.tools.pigscript.parser.ParseException: Encountered " <IDENTIFIER> "foreach "" at line 2, column 1.
Was expecting one of:
    <EOF> 
    "cat" ...
    "cd" ...
    "cp" ...
    "copyFromLocal" ...
    "copyToLocal" ...
    "dump" ...
    "describe" ...
    "aliases" ...
    "explain" ...
    "help" ...
    "kill" ...
    "ls" ...
    "mv" ...
    "mkdir" ...
    "pwd" ...
    "quit" ...
    "register" ...
    "rm" ...
    "rmf" ...
    "set" ...
    "illustrate" ...
    "run" ...
    "exec" ...
    "scriptDone" ...
    "" ...
    <EOL> ...
    ";" ...
    
	at org.apache.pig.tools.pigscript.parser.PigScriptParser.generateParseException(PigScriptParser.java:907)
	at org.apache.pig.tools.pigscript.parser.PigScriptParser.handle_invalid_command(PigScriptParser.java:723)
	at org.apache.pig.tools.pigscript.parser.PigScriptParser.parse(PigScriptParser.java:390)
	at org.apache.pig.tools.grunt.GruntParser.parseStopOnError(GruntParser.java:164)
	at org.apache.pig.tools.grunt.GruntParser.parseStopOnError(GruntParser.java:140)
	at org.apache.pig.tools.grunt.Grunt.run(Grunt.java:75)
	at org.apache.pig.Main.main(Main.java:350)
ERROR 1000: Error during parsing. Encountered " <IDENTIFIER> "foreach "" at line 2, column 1.
Was expecting one of:
    <EOF> 
    "cat" ...
    "cd" ...
    "cp" ...
    "copyFromLocal" ...
    "copyToLocal" ...
    "dump" ...
    "describe" ...
    "aliases" ...
    "explain" ...
    "help" ...
    "kill" ...
    "ls" ...
    "mv" ...
    "mkdir" ...
    "pwd" ...
    "quit" ...
    "register" ...
    "rm" ...
    "rmf" ...
    "set" ...
    "illustrate" ...
    "run" ...
    "exec" ...
    "scriptDone" ...
    "" ...
    <EOL> ...
    ";" ...
    
org.apache.pig.tools.pigscript.parser.ParseException: Encountered " <IDENTIFIER> "foreach "" at line 2, column 1.
Was expecting one of:
    <EOF> 
    "cat" ...
    "cd" ...
    "cp" ...
    "copyFromLocal" ...
    "copyToLocal" ...
    "dump" ...
    "describe" ...
    "aliases" ...
    "explain" ...
    "help" ...
    "kill" ...
    "ls" ...
    "mv" ...
    "mkdir" ...
    "pwd" ...
    "quit" ...
    "register" ...
    "rm" ...
    "rmf" ...
    "set" ...
    "illustrate" ...
    "run" ...
    "exec" ...
    "scriptDone" ...
    "" ...
    <EOL> ...
    ";" ...
    
	at org.apache.pig.tools.pigscript.parser.PigScriptParser.generateParseException(PigScriptParser.java:907)
	at org.apache.pig.tools.pigscript.parser.PigScriptParser.handle_invalid_command(PigScriptParser.java:723)
	at org.apache.pig.tools.pigscript.parser.PigScriptParser.parse(PigScriptParser.java:390)
	at org.apache.pig.tools.grunt.GruntParser.parseStopOnError(GruntParser.java:164)
	at org.apache.pig.tools.grunt.GruntParser.parseStopOnError(GruntParser.java:140)
	at org.apache.pig.tools.grunt.Grunt.run(Grunt.java:75)
	at org.apache.pig.Main.main(Main.java:350)
ERROR 1000: Error during parsing. Encountered " <IDENTIFIER> "foreach "" at line 1, column 1.
Was expecting one of:
    <EOF> 
    "cat" ...
    "cd" ...
    "cp" ...
    "copyFromLocal" ...
    "copyToLocal" ...
    "dump" ...
    "describe" ...
    "aliases" ...
    "explain" ...
    "help" ...
    "kill" ...
    "ls" ...
    "mv" ...
    "mkdir" ...
    "pwd" ...
    "quit" ...
    "register" ...
    "rm" ...
    "rmf" ...
    "set" ...
    "illustrate" ...
    "run" ...
    "exec" ...
    "scriptDone" ...
    "" ...
    <EOL> ...
    ";" ...
    
org.apache.pig.tools.pigscript.parser.ParseException: Encountered " <IDENTIFIER> "foreach "" at line 1, column 1.
Was expecting one of:
    <EOF> 
    "cat" ...
    "cd" ...
    "cp" ...
    "copyFromLocal" ...
    "copyToLocal" ...
    "dump" ...
    "describe" ...
    "aliases" ...
    "explain" ...
    "help" ...
    "kill" ...
    "ls" ...
    "mv" ...
    "mkdir" ...
    "pwd" ...
    "quit" ...
    "register" ...
    "rm" ...
    "rmf" ...
    "set" ...
    "illustrate" ...
    "run" ...
    "exec" ...
    "scriptDone" ...
    "" ...
    <EOL> ...
    ";" ...
    
	at org.apache.pig.tools.pigscript.parser.PigScriptParser.generateParseException(PigScriptParser.java:907)
	at org.apache.pig.tools.pigscript.parser.PigScriptParser.handle_invalid_command(PigScriptParser.java:723)
	at org.apache.pig.tools.pigscript.parser.PigScriptParser.parse(PigScriptParser.java:390)
	at org.apache.pig.tools.grunt.GruntParser.parseStopOnError(GruntParser.java:164)
	at org.apache.pig.tools.grunt.GruntParser.parseStopOnError(GruntParser.java:140)
	at org.apache.pig.tools.grunt.Grunt.run(Grunt.java:75)
	at org.apache.pig.Main.main(Main.java:350)
ERROR 1000: Error during parsing. Unrecognized alias x
org.apache.pig.impl.logicalLayer.FrontendException: ERROR 1000: Error during parsing. Unrecognized alias x
	at org.apache.pig.PigServer$Graph.parseQuery(PigServer.java:1017)
	at org.apache.pig.PigServer$Graph.registerQuery(PigServer.java:961)
	at org.apache.pig.PigServer.registerQuery(PigServer.java:377)
	at org.apache.pig.tools.grunt.GruntParser.processPig(GruntParser.java:703)
	at org.apache.pig.tools.pigscript.parser.PigScriptParser.parse(PigScriptParser.java:273)
	at org.apache.pig.tools.grunt.GruntParser.parseStopOnError(GruntParser.java:164)
	at org.apache.pig.tools.grunt.GruntParser.parseStopOnError(GruntParser.java:140)
	at org.apache.pig.tools.grunt.Grunt.run(Grunt.java:75)
	at org.apache.pig.Main.main(Main.java:350)
Caused by: org.apache.pig.impl.logicalLayer.parser.ParseException: Unrecognized alias x
	at org.apache.pig.impl.logicalLayer.parser.QueryParser.Alias(QueryParser.java:1180)
	at org.apache.pig.impl.logicalLayer.parser.QueryParser.NestedExpr(QueryParser.java:923)
	at org.apache.pig.impl.logicalLayer.parser.QueryParser.ForEachClause(QueryParser.java:2729)
	at org.apache.pig.impl.logicalLayer.parser.QueryParser.BaseExpr(QueryParser.java:1301)
	at org.apache.pig.impl.logicalLayer.parser.QueryParser.Expr(QueryParser.java:880)
	at org.apache.pig.impl.logicalLayer.parser.QueryParser.Parse(QueryParser.java:669)
	at org.apache.pig.impl.logicalLayer.LogicalPlanBuilder.parse(LogicalPlanBuilder.java:63)
	at org.apache.pig.PigServer$Graph.parseQuery(PigServer.java:1011)
	... 8 more
ERROR 2998: Unhandled internal error. org/apache/pig/builtin/count (wrong name: org/apache/pig/builtin/COUNT)
java.lang.NoClassDefFoundError: org/apache/pig/builtin/count (wrong name: org/apache/pig/builtin/COUNT)
	at java.lang.ClassLoader.defineClass1(Native Method)
	at java.lang.ClassLoader.defineClass(ClassLoader.java:703)
	at java.security.SecureClassLoader.defineClass(SecureClassLoader.java:124)
	at java.net.URLClassLoader.defineClass(URLClassLoader.java:260)
	at java.net.URLClassLoader.access$000(URLClassLoader.java:56)
	at java.net.URLClassLoader$1.run(URLClassLoader.java:195)
	at java.security.AccessController.doPrivileged(Native Method)
	at java.net.URLClassLoader.findClass(URLClassLoader.java:188)
	at java.lang.ClassLoader.loadClass(ClassLoader.java:319)
	at sun.misc.Launcher$AppClassLoader.loadClass(Launcher.java:330)
	at java.lang.ClassLoader.loadClass(ClassLoader.java:309)
	at java.lang.ClassLoader.loadClass(ClassLoader.java:254)
	at java.lang.ClassLoader.loadClassInternal(ClassLoader.java:402)
	at java.lang.Class.forName0(Native Method)
	at java.lang.Class.forName(Class.java:247)
	at org.apache.pig.impl.PigContext.resolveClassName(PigContext.java:421)
	at org.apache.pig.impl.PigContext.instantiateFuncFromSpec(PigContext.java:451)
	at org.apache.pig.impl.PigContext.instantiateFuncFromSpec(PigContext.java:503)
	at org.apache.pig.impl.PigContext.instantiateFuncFromAlias(PigContext.java:526)
	at org.apache.pig.impl.logicalLayer.parser.QueryParser.EvalFunction(QueryParser.java:5704)
	at org.apache.pig.impl.logicalLayer.parser.QueryParser.EvalFuncSpec(QueryParser.java:4637)
	at org.apache.pig.impl.logicalLayer.parser.QueryParser.BaseEvalSpec(QueryParser.java:4468)
	at org.apache.pig.impl.logicalLayer.parser.QueryParser.UnaryExpr(QueryParser.java:4371)
	at org.apache.pig.impl.logicalLayer.parser.QueryParser.CastExpr(QueryParser.java:4317)
	at org.apache.pig.impl.logicalLayer.parser.QueryParser.MultiplicativeExpr(QueryParser.java:4226)
	at org.apache.pig.impl.logicalLayer.parser.QueryParser.AdditiveExpr(QueryParser.java:4152)
	at org.apache.pig.impl.logicalLayer.parser.QueryParser.InfixExpr(QueryParser.java:4118)
	at org.apache.pig.impl.logicalLayer.parser.QueryParser.FlattenedGenerateItem(QueryParser.java:4044)
	at org.apache.pig.impl.logicalLayer.parser.QueryParser.FlattenedGenerateItemList(QueryParser.java:3967)
	at org.apache.pig.impl.logicalLayer.parser.QueryParser.GenerateStatement(QueryParser.java:3911)
	at org.apache.pig.impl.logicalLayer.parser.QueryParser.NestedBlock(QueryParser.java:3320)
	at org.apache.pig.impl.logicalLayer.parser.QueryParser.ForEachClause(QueryParser.java:2730)
	at org.apache.pig.impl.logicalLayer.parser.QueryParser.BaseExpr(QueryParser.java:1301)
	at org.apache.pig.impl.logicalLayer.parser.QueryParser.Expr(QueryParser.java:880)
	at org.apache.pig.impl.logicalLayer.parser.QueryParser.Parse(QueryParser.java:669)
	at org.apache.pig.impl.logicalLayer.LogicalPlanBuilder.parse(LogicalPlanBuilder.java:63)
	at org.apache.pig.PigServer$Graph.parseQuery(PigServer.java:1011)
	at org.apache.pig.PigServer$Graph.registerQuery(PigServer.java:961)
	at org.apache.pig.PigServer.registerQuery(PigServer.java:377)
	at org.apache.pig.tools.grunt.GruntParser.processPig(GruntParser.java:703)
	at org.apache.pig.tools.pigscript.parser.PigScriptParser.parse(PigScriptParser.java:273)
	at org.apache.pig.tools.grunt.GruntParser.parseStopOnError(GruntParser.java:164)
	at org.apache.pig.tools.grunt.GruntParser.parseStopOnError(GruntParser.java:140)
	at org.apache.pig.tools.grunt.Grunt.run(Grunt.java:75)
	at org.apache.pig.Main.main(Main.java:350)
ERROR 1000: Error during parsing. Invalid alias: referer in {group: bytearray,logs: {remoteAddr: bytearray,remoteLogname: bytearray,user: bytearray,time: bytearray,method: bytearray,uri: bytearray,proto: bytearray,status: bytearray,bytes: bytearray,referer: bytearray,userAgent: bytearray}}
org.apache.pig.impl.logicalLayer.FrontendException: ERROR 1000: Error during parsing. Invalid alias: referer in {group: bytearray,logs: {remoteAddr: bytearray,remoteLogname: bytearray,user: bytearray,time: bytearray,method: bytearray,uri: bytearray,proto: bytearray,status: bytearray,bytes: bytearray,referer: bytearray,userAgent: bytearray}}
	at org.apache.pig.PigServer$Graph.parseQuery(PigServer.java:1017)
	at org.apache.pig.PigServer$Graph.registerQuery(PigServer.java:961)
	at org.apache.pig.PigServer.registerQuery(PigServer.java:377)
	at org.apache.pig.tools.grunt.GruntParser.processPig(GruntParser.java:703)
	at org.apache.pig.tools.pigscript.parser.PigScriptParser.parse(PigScriptParser.java:273)
	at org.apache.pig.tools.grunt.GruntParser.parseStopOnError(GruntParser.java:164)
	at org.apache.pig.tools.grunt.GruntParser.parseStopOnError(GruntParser.java:140)
	at org.apache.pig.tools.grunt.Grunt.run(Grunt.java:75)
	at org.apache.pig.Main.main(Main.java:350)
Caused by: org.apache.pig.impl.logicalLayer.parser.ParseException: Invalid alias: referer in {group: bytearray,logs: {remoteAddr: bytearray,remoteLogname: bytearray,user: bytearray,time: bytearray,method: bytearray,uri: bytearray,proto: bytearray,status: bytearray,bytes: bytearray,referer: bytearray,userAgent: bytearray}}
	at org.apache.pig.impl.logicalLayer.parser.QueryParser.AliasFieldOrSpec(QueryParser.java:6458)
	at org.apache.pig.impl.logicalLayer.parser.QueryParser.ColOrSpec(QueryParser.java:6302)
	at org.apache.pig.impl.logicalLayer.parser.QueryParser.BaseEvalSpec(QueryParser.java:4474)
	at org.apache.pig.impl.logicalLayer.parser.QueryParser.UnaryExpr(QueryParser.java:4371)
	at org.apache.pig.impl.logicalLayer.parser.QueryParser.CastExpr(QueryParser.java:4317)
	at org.apache.pig.impl.logicalLayer.parser.QueryParser.MultiplicativeExpr(QueryParser.java:4226)
	at org.apache.pig.impl.logicalLayer.parser.QueryParser.AdditiveExpr(QueryParser.java:4152)
	at org.apache.pig.impl.logicalLayer.parser.QueryParser.InfixExpr(QueryParser.java:4118)
	at org.apache.pig.impl.logicalLayer.parser.QueryParser.FlattenedGenerateItem(QueryParser.java:4044)
	at org.apache.pig.impl.logicalLayer.parser.QueryParser.FlattenedGenerateItemList(QueryParser.java:3954)
	at org.apache.pig.impl.logicalLayer.parser.QueryParser.GenerateStatement(QueryParser.java:3911)
	at org.apache.pig.impl.logicalLayer.parser.QueryParser.NestedBlock(QueryParser.java:3320)
	at org.apache.pig.impl.logicalLayer.parser.QueryParser.ForEachClause(QueryParser.java:2730)
	at org.apache.pig.impl.logicalLayer.parser.QueryParser.BaseExpr(QueryParser.java:1301)
	at org.apache.pig.impl.logicalLayer.parser.QueryParser.Expr(QueryParser.java:880)
	at org.apache.pig.impl.logicalLayer.parser.QueryParser.Parse(QueryParser.java:669)
	at org.apache.pig.impl.logicalLayer.LogicalPlanBuilder.parse(LogicalPlanBuilder.java:63)
	at org.apache.pig.PigServer$Graph.parseQuery(PigServer.java:1011)
	... 8 more
