ERROR 1000: Error during parsing. Encountered " <INTEGER> "1 "" at line 1, column 10.
Was expecting one of:
    <IDENTIFIER> ...
    "(" ...
    "(" ...
    
org.apache.pig.impl.logicalLayer.FrontendException: ERROR 1000: Error during parsing. Encountered " <INTEGER> "1 "" at line 1, column 10.
Was expecting one of:
    <IDENTIFIER> ...
    "(" ...
    "(" ...
    
	at org.apache.pig.PigServer$Graph.parseQuery(PigServer.java:1017)
	at org.apache.pig.PigServer$Graph.registerQuery(PigServer.java:961)
	at org.apache.pig.PigServer.registerQuery(PigServer.java:377)
	at org.apache.pig.tools.grunt.GruntParser.processPig(GruntParser.java:703)
	at org.apache.pig.tools.pigscript.parser.PigScriptParser.parse(PigScriptParser.java:273)
	at org.apache.pig.tools.grunt.GruntParser.parseStopOnError(GruntParser.java:164)
	at org.apache.pig.tools.grunt.GruntParser.parseStopOnError(GruntParser.java:140)
	at org.apache.pig.tools.grunt.Grunt.run(Grunt.java:75)
	at org.apache.pig.Main.main(Main.java:350)
Caused by: org.apache.pig.impl.logicalLayer.parser.ParseException: Encountered " <INTEGER> "1 "" at line 1, column 10.
Was expecting one of:
    <IDENTIFIER> ...
    "(" ...
    "(" ...
    
	at org.apache.pig.impl.logicalLayer.parser.QueryParser.generateParseException(QueryParser.java:8602)
	at org.apache.pig.impl.logicalLayer.parser.QueryParser.jj_consume_token(QueryParser.java:8478)
	at org.apache.pig.impl.logicalLayer.parser.QueryParser.NestedExpr(QueryParser.java:940)
	at org.apache.pig.impl.logicalLayer.parser.QueryParser.GroupItem(QueryParser.java:2141)
	at org.apache.pig.impl.logicalLayer.parser.QueryParser.JoinClause(QueryParser.java:2598)
	at org.apache.pig.impl.logicalLayer.parser.QueryParser.BaseExpr(QueryParser.java:1293)
	at org.apache.pig.impl.logicalLayer.parser.QueryParser.Expr(QueryParser.java:880)
	at org.apache.pig.impl.logicalLayer.parser.QueryParser.Parse(QueryParser.java:669)
	at org.apache.pig.impl.logicalLayer.LogicalPlanBuilder.parse(LogicalPlanBuilder.java:63)
	at org.apache.pig.PigServer$Graph.parseQuery(PigServer.java:1011)
	... 8 more
