ERROR 1000: Error during parsing. Invalid alias: A in {group: bytearray,B: {remoteAddr: bytearray,remoteLogname: bytearray,user: bytearray,time: bytearray,method: bytearray,uri: bytearray,proto: bytearray,status: bytearray,bytes: bytearray,referer: bytearray,userAgent: bytearray}}
org.apache.pig.impl.logicalLayer.FrontendException: ERROR 1000: Error during parsing. Invalid alias: A in {group: bytearray,B: {remoteAddr: bytearray,remoteLogname: bytearray,user: bytearray,time: bytearray,method: bytearray,uri: bytearray,proto: bytearray,status: bytearray,bytes: bytearray,referer: bytearray,userAgent: bytearray}}
	at org.apache.pig.PigServer$Graph.parseQuery(PigServer.java:1017)
	at org.apache.pig.PigServer$Graph.registerQuery(PigServer.java:961)
	at org.apache.pig.PigServer.registerQuery(PigServer.java:377)
	at org.apache.pig.tools.grunt.GruntParser.processPig(GruntParser.java:703)
	at org.apache.pig.tools.pigscript.parser.PigScriptParser.parse(PigScriptParser.java:273)
	at org.apache.pig.tools.grunt.GruntParser.parseStopOnError(GruntParser.java:164)
	at org.apache.pig.tools.grunt.GruntParser.parseStopOnError(GruntParser.java:140)
	at org.apache.pig.tools.grunt.Grunt.run(Grunt.java:75)
	at org.apache.pig.Main.main(Main.java:350)
Caused by: org.apache.pig.impl.logicalLayer.parser.ParseException: Invalid alias: A in {group: bytearray,B: {remoteAddr: bytearray,remoteLogname: bytearray,user: bytearray,time: bytearray,method: bytearray,uri: bytearray,proto: bytearray,status: bytearray,bytes: bytearray,referer: bytearray,userAgent: bytearray}}
	at org.apache.pig.impl.logicalLayer.parser.QueryParser.AliasFieldOrSpec(QueryParser.java:6458)
	at org.apache.pig.impl.logicalLayer.parser.QueryParser.ColOrSpec(QueryParser.java:6302)
	at org.apache.pig.impl.logicalLayer.parser.QueryParser.BaseEvalSpec(QueryParser.java:4474)
	at org.apache.pig.impl.logicalLayer.parser.QueryParser.UnaryExpr(QueryParser.java:4371)
	at org.apache.pig.impl.logicalLayer.parser.QueryParser.CastExpr(QueryParser.java:4317)
	at org.apache.pig.impl.logicalLayer.parser.QueryParser.MultiplicativeExpr(QueryParser.java:4226)
	at org.apache.pig.impl.logicalLayer.parser.QueryParser.AdditiveExpr(QueryParser.java:4152)
	at org.apache.pig.impl.logicalLayer.parser.QueryParser.InfixExpr(QueryParser.java:4118)
	at org.apache.pig.impl.logicalLayer.parser.QueryParser.EvalArgsItem(QueryParser.java:4866)
	at org.apache.pig.impl.logicalLayer.parser.QueryParser.EvalArgs(QueryParser.java:4813)
	at org.apache.pig.impl.logicalLayer.parser.QueryParser.EvalFuncSpec(QueryParser.java:4646)
	at org.apache.pig.impl.logicalLayer.parser.QueryParser.BaseEvalSpec(QueryParser.java:4468)
	at org.apache.pig.impl.logicalLayer.parser.QueryParser.UnaryExpr(QueryParser.java:4371)
	at org.apache.pig.impl.logicalLayer.parser.QueryParser.CastExpr(QueryParser.java:4317)
	at org.apache.pig.impl.logicalLayer.parser.QueryParser.MultiplicativeExpr(QueryParser.java:4226)
	at org.apache.pig.impl.logicalLayer.parser.QueryParser.AdditiveExpr(QueryParser.java:4152)
	at org.apache.pig.impl.logicalLayer.parser.QueryParser.InfixExpr(QueryParser.java:4118)
	at org.apache.pig.impl.logicalLayer.parser.QueryParser.FlattenedGenerateItem(QueryParser.java:4044)
	at org.apache.pig.impl.logicalLayer.parser.QueryParser.FlattenedGenerateItemList(QueryParser.java:3954)
	at org.apache.pig.impl.logicalLayer.parser.QueryParser.GenerateStatement(QueryParser.java:3911)
	at org.apache.pig.impl.logicalLayer.parser.QueryParser.NestedBlock(QueryParser.java:3320)
	at org.apache.pig.impl.logicalLayer.parser.QueryParser.ForEachClause(QueryParser.java:2730)
	at org.apache.pig.impl.logicalLayer.parser.QueryParser.BaseExpr(QueryParser.java:1301)
	at org.apache.pig.impl.logicalLayer.parser.QueryParser.Expr(QueryParser.java:880)
	at org.apache.pig.impl.logicalLayer.parser.QueryParser.Parse(QueryParser.java:669)
	at org.apache.pig.impl.logicalLayer.LogicalPlanBuilder.parse(LogicalPlanBuilder.java:63)
	at org.apache.pig.PigServer$Graph.parseQuery(PigServer.java:1011)
	... 8 more
ERROR 1000: Error during parsing. Unrecognized alias D
org.apache.pig.impl.logicalLayer.FrontendException: ERROR 1000: Error during parsing. Unrecognized alias D
	at org.apache.pig.PigServer$Graph.parseQuery(PigServer.java:1017)
	at org.apache.pig.PigServer$Graph.registerQuery(PigServer.java:961)
	at org.apache.pig.PigServer.registerQuery(PigServer.java:377)
	at org.apache.pig.tools.grunt.GruntParser.processPig(GruntParser.java:703)
	at org.apache.pig.tools.pigscript.parser.PigScriptParser.parse(PigScriptParser.java:273)
	at org.apache.pig.tools.grunt.GruntParser.parseStopOnError(GruntParser.java:164)
	at org.apache.pig.tools.grunt.GruntParser.parseStopOnError(GruntParser.java:140)
	at org.apache.pig.tools.grunt.Grunt.run(Grunt.java:75)
	at org.apache.pig.Main.main(Main.java:350)
Caused by: org.apache.pig.impl.logicalLayer.parser.ParseException: Unrecognized alias D
	at org.apache.pig.impl.logicalLayer.parser.QueryParser.Alias(QueryParser.java:1180)
	at org.apache.pig.impl.logicalLayer.parser.QueryParser.NestedExpr(QueryParser.java:923)
	at org.apache.pig.impl.logicalLayer.parser.QueryParser.OrderClause(QueryParser.java:2261)
	at org.apache.pig.impl.logicalLayer.parser.QueryParser.BaseExpr(QueryParser.java:1275)
	at org.apache.pig.impl.logicalLayer.parser.QueryParser.Expr(QueryParser.java:880)
	at org.apache.pig.impl.logicalLayer.parser.QueryParser.Parse(QueryParser.java:669)
	at org.apache.pig.impl.logicalLayer.LogicalPlanBuilder.parse(LogicalPlanBuilder.java:63)
	at org.apache.pig.PigServer$Graph.parseQuery(PigServer.java:1011)
	... 8 more
ERROR 1000: Error during parsing. Unrecognized alias E
org.apache.pig.impl.logicalLayer.FrontendException: ERROR 1000: Error during parsing. Unrecognized alias E
	at org.apache.pig.PigServer$Graph.parseQuery(PigServer.java:1017)
	at org.apache.pig.PigServer$Graph.registerQuery(PigServer.java:961)
	at org.apache.pig.PigServer.registerQuery(PigServer.java:377)
	at org.apache.pig.tools.grunt.GruntParser.processPig(GruntParser.java:703)
	at org.apache.pig.tools.pigscript.parser.PigScriptParser.parse(PigScriptParser.java:273)
	at org.apache.pig.tools.grunt.GruntParser.parseStopOnError(GruntParser.java:164)
	at org.apache.pig.tools.grunt.GruntParser.parseStopOnError(GruntParser.java:140)
	at org.apache.pig.tools.grunt.Grunt.run(Grunt.java:75)
	at org.apache.pig.Main.main(Main.java:350)
Caused by: org.apache.pig.impl.logicalLayer.parser.ParseException: Unrecognized alias E
	at org.apache.pig.impl.logicalLayer.parser.QueryParser.Alias(QueryParser.java:1180)
	at org.apache.pig.impl.logicalLayer.parser.QueryParser.NestedExpr(QueryParser.java:923)
	at org.apache.pig.impl.logicalLayer.parser.QueryParser.LimitClause(QueryParser.java:1641)
	at org.apache.pig.impl.logicalLayer.parser.QueryParser.BaseExpr(QueryParser.java:1267)
	at org.apache.pig.impl.logicalLayer.parser.QueryParser.Expr(QueryParser.java:880)
	at org.apache.pig.impl.logicalLayer.parser.QueryParser.Parse(QueryParser.java:669)
	at org.apache.pig.impl.logicalLayer.LogicalPlanBuilder.parse(LogicalPlanBuilder.java:63)
	at org.apache.pig.PigServer$Graph.parseQuery(PigServer.java:1011)
	... 8 more
ERROR 1000: Error during parsing. Unable to find alias F
org.apache.pig.impl.logicalLayer.FrontendException: ERROR 1000: Error during parsing. Unable to find alias F
	at org.apache.pig.PigServer$Graph.parseQuery(PigServer.java:1017)
	at org.apache.pig.PigServer$Graph.registerQuery(PigServer.java:961)
	at org.apache.pig.PigServer.registerQuery(PigServer.java:377)
	at org.apache.pig.tools.grunt.GruntParser.processPig(GruntParser.java:703)
	at org.apache.pig.tools.pigscript.parser.PigScriptParser.parse(PigScriptParser.java:273)
	at org.apache.pig.tools.grunt.GruntParser.parseStopOnError(GruntParser.java:164)
	at org.apache.pig.tools.grunt.GruntParser.parseStopOnError(GruntParser.java:140)
	at org.apache.pig.tools.grunt.Grunt.run(Grunt.java:75)
	at org.apache.pig.Main.main(Main.java:350)
Caused by: org.apache.pig.impl.logicalLayer.parser.ParseException: Unable to find alias F
	at org.apache.pig.impl.logicalLayer.parser.QueryParser.StoreClause(QueryParser.java:3282)
	at org.apache.pig.impl.logicalLayer.parser.QueryParser.BaseExpr(QueryParser.java:1338)
	at org.apache.pig.impl.logicalLayer.parser.QueryParser.Expr(QueryParser.java:880)
	at org.apache.pig.impl.logicalLayer.parser.QueryParser.Parse(QueryParser.java:693)
	at org.apache.pig.impl.logicalLayer.LogicalPlanBuilder.parse(LogicalPlanBuilder.java:63)
	at org.apache.pig.PigServer$Graph.parseQuery(PigServer.java:1011)
	... 8 more
