ERROR 1000: Error during parsing. Encountered " <IDENTIFIER> "access_log "" at line 1, column 10.
Was expecting:
    <QUOTEDSTRING> ...
    
org.apache.pig.impl.logicalLayer.FrontendException: ERROR 1000: Error during parsing. Encountered " <IDENTIFIER> "access_log "" at line 1, column 10.
Was expecting:
    <QUOTEDSTRING> ...
    
	at org.apache.pig.PigServer$Graph.parseQuery(PigServer.java:1017)
	at org.apache.pig.PigServer$Graph.registerQuery(PigServer.java:961)
	at org.apache.pig.PigServer.registerQuery(PigServer.java:377)
	at org.apache.pig.tools.grunt.GruntParser.processPig(GruntParser.java:703)
	at org.apache.pig.tools.pigscript.parser.PigScriptParser.parse(PigScriptParser.java:273)
	at org.apache.pig.tools.grunt.GruntParser.parseStopOnError(GruntParser.java:164)
	at org.apache.pig.tools.grunt.GruntParser.parseStopOnError(GruntParser.java:140)
	at org.apache.pig.tools.grunt.Grunt.run(Grunt.java:75)
	at org.apache.pig.Main.main(Main.java:350)
Caused by: org.apache.pig.impl.logicalLayer.parser.ParseException: Encountered " <IDENTIFIER> "access_log "" at line 1, column 10.
Was expecting:
    <QUOTEDSTRING> ...
    
	at org.apache.pig.impl.logicalLayer.parser.QueryParser.generateParseException(QueryParser.java:8602)
	at org.apache.pig.impl.logicalLayer.parser.QueryParser.jj_consume_token(QueryParser.java:8478)
	at org.apache.pig.impl.logicalLayer.parser.QueryParser.FileName(QueryParser.java:1512)
	at org.apache.pig.impl.logicalLayer.parser.QueryParser.LoadClause(QueryParser.java:1394)
	at org.apache.pig.impl.logicalLayer.parser.QueryParser.BaseExpr(QueryParser.java:1214)
	at org.apache.pig.impl.logicalLayer.parser.QueryParser.Expr(QueryParser.java:880)
	at org.apache.pig.impl.logicalLayer.parser.QueryParser.Parse(QueryParser.java:669)
	at org.apache.pig.impl.logicalLayer.LogicalPlanBuilder.parse(LogicalPlanBuilder.java:63)
	at org.apache.pig.PigServer$Graph.parseQuery(PigServer.java:1011)
	... 8 more
ERROR 1000: Error during parsing. Encountered " "=" "= "" at line 1, column 23.
Was expecting one of:
    "*" ...
    "is" ...
    "." ...
    "+" ...
    "-" ...
    "/" ...
    "%" ...
    "#" ...
    "." ...
    "." ...
    "#" ...
    "*" ...
    "/" ...
    "%" ...
    "+" ...
    "-" ...
    "." ...
    "." ...
    "#" ...
    "*" ...
    "/" ...
    "%" ...
    "+" ...
    "-" ...
    "." ...
    "." ...
    "." ...
    "#" ...
    "#" ...
    "." ...
    
org.apache.pig.impl.logicalLayer.FrontendException: ERROR 1000: Error during parsing. Encountered " "=" "= "" at line 1, column 23.
Was expecting one of:
    "*" ...
    "is" ...
    "." ...
    "+" ...
    "-" ...
    "/" ...
    "%" ...
    "#" ...
    "." ...
    "." ...
    "#" ...
    "*" ...
    "/" ...
    "%" ...
    "+" ...
    "-" ...
    "." ...
    "." ...
    "#" ...
    "*" ...
    "/" ...
    "%" ...
    "+" ...
    "-" ...
    "." ...
    "." ...
    "." ...
    "#" ...
    "#" ...
    "." ...
    
	at org.apache.pig.PigServer$Graph.parseQuery(PigServer.java:1017)
	at org.apache.pig.PigServer$Graph.registerQuery(PigServer.java:961)
	at org.apache.pig.PigServer.registerQuery(PigServer.java:377)
	at org.apache.pig.tools.grunt.GruntParser.processPig(GruntParser.java:703)
	at org.apache.pig.tools.pigscript.parser.PigScriptParser.parse(PigScriptParser.java:273)
	at org.apache.pig.tools.grunt.GruntParser.parseStopOnError(GruntParser.java:164)
	at org.apache.pig.tools.grunt.GruntParser.parseStopOnError(GruntParser.java:140)
	at org.apache.pig.tools.grunt.Grunt.run(Grunt.java:75)
	at org.apache.pig.Main.main(Main.java:350)
Caused by: org.apache.pig.impl.logicalLayer.parser.ParseException: Encountered " "=" "= "" at line 1, column 23.
Was expecting one of:
    "*" ...
    "is" ...
    "." ...
    "+" ...
    "-" ...
    "/" ...
    "%" ...
    "#" ...
    "." ...
    "." ...
    "#" ...
    "*" ...
    "/" ...
    "%" ...
    "+" ...
    "-" ...
    "." ...
    "." ...
    "#" ...
    "*" ...
    "/" ...
    "%" ...
    "+" ...
    "-" ...
    "." ...
    "." ...
    "." ...
    "#" ...
    "#" ...
    "." ...
    
	at org.apache.pig.impl.logicalLayer.parser.QueryParser.generateParseException(QueryParser.java:8602)
	at org.apache.pig.impl.logicalLayer.parser.QueryParser.jj_consume_token(QueryParser.java:8478)
	at org.apache.pig.impl.logicalLayer.parser.QueryParser.PNullCond(QueryParser.java:2024)
	at org.apache.pig.impl.logicalLayer.parser.QueryParser.PUnaryCond(QueryParser.java:1938)
	at org.apache.pig.impl.logicalLayer.parser.QueryParser.PAndCond(QueryParser.java:1777)
	at org.apache.pig.impl.logicalLayer.parser.QueryParser.POrCond(QueryParser.java:1721)
	at org.apache.pig.impl.logicalLayer.parser.QueryParser.PCond(QueryParser.java:1687)
	at org.apache.pig.impl.logicalLayer.parser.QueryParser.FilterClause(QueryParser.java:1535)
	at org.apache.pig.impl.logicalLayer.parser.QueryParser.BaseExpr(QueryParser.java:1263)
	at org.apache.pig.impl.logicalLayer.parser.QueryParser.Expr(QueryParser.java:880)
	at org.apache.pig.impl.logicalLayer.parser.QueryParser.Parse(QueryParser.java:669)
	at org.apache.pig.impl.logicalLayer.LogicalPlanBuilder.parse(LogicalPlanBuilder.java:63)
	at org.apache.pig.PigServer$Graph.parseQuery(PigServer.java:1011)
	... 8 more
